Looking up modal.Sandbox app
Creating sandbox
Sandbox created and running
Finding and deleting socket files...
Checking remaining socket files...
Remaining socket files (should only contain 'modal'):
  - /run/docker/containerd/containerd-debug.sock
  - /run/docker/containerd/containerd.sock
  - /run/docker.sock
  - /run/modal_daemon/modal_daemon.sock
Creating snapshot...
Traceback (most recent call last):
  File "/Users/smehmood/src/experimental/modal_docker_snapshotting/modal_snapshot_clean_sockets.py", line 125, in <module>
    main()
  File "/Users/smehmood/src/experimental/modal_docker_snapshotting/modal_snapshot_clean_sockets.py", line 116, in main
    image = sb.snapshot_filesystem()
            ^^^^^^^^^^^^^^^^^^^^^^^^
  File "/Users/smehmood/src/experimental/modal_docker_snapshotting/.venv/lib/python3.11/site-packages/modal/sandbox.py", line 542, in snapshot_filesystem
    raise ExecutionError(resp.result.exception)
modal.exception.ExecutionError: Failed to create image
