Looking up modal.Sandbox app
Creating sandbox with docker-in-gvisor but without starting dockerd (NO SLEEP)
Sandbox created and running (dockerd NOT started)
Attempting to create snapshot immediately (no sleep)...
Traceback (most recent call last):
  File "/Users/smehmood/src/experimental/modal_snapshot_no_dockerd_no_sleep.py", line 103, in <module>
    main()
  File "/Users/smehmood/src/experimental/modal_snapshot_no_dockerd_no_sleep.py", line 94, in main
    image = sb.snapshot_filesystem()
            ^^^^^^^^^^^^^^^^^^^^^^^^
  File "/Users/smehmood/src/experimental/.venv/lib/python3.11/site-packages/modal/sandbox.py", line 542, in snapshot_filesystem
    raise ExecutionError(resp.result.exception)
modal.exception.ExecutionError: Failed to create image
Looking up modal.Sandbox app
Creating sandbox with docker-in-gvisor but without starting dockerd (NO SLEEP)
Sandbox created and running (dockerd NOT started)
Attempting to create snapshot immediately (no sleep)...
Traceback (most recent call last):
  File "/Users/smehmood/src/experimental/modal_snapshot_no_dockerd_no_sleep.py", line 103, in <module>
    main()
  File "/Users/smehmood/src/experimental/modal_snapshot_no_dockerd_no_sleep.py", line 94, in main
    image = sb.snapshot_filesystem()
            ^^^^^^^^^^^^^^^^^^^^^^^^
  File "/Users/smehmood/src/experimental/.venv/lib/python3.11/site-packages/modal/sandbox.py", line 542, in snapshot_filesystem
    raise ExecutionError(resp.result.exception)
modal.exception.ExecutionError: Failed to create image
Looking up modal.Sandbox app
Creating sandbox with docker-in-gvisor but without starting dockerd (NO SLEEP)
Sandbox created and running (dockerd NOT started)
Attempting to create snapshot immediately (no sleep)...
Traceback (most recent call last):
  File "/Users/smehmood/src/experimental/modal_snapshot_no_dockerd_no_sleep.py", line 103, in <module>
    main()
  File "/Users/smehmood/src/experimental/modal_snapshot_no_dockerd_no_sleep.py", line 94, in main
    image = sb.snapshot_filesystem()
            ^^^^^^^^^^^^^^^^^^^^^^^^
  File "/Users/smehmood/src/experimental/.venv/lib/python3.11/site-packages/modal/sandbox.py", line 542, in snapshot_filesystem
    raise ExecutionError(resp.result.exception)
modal.exception.ExecutionError: Failed to create image
