Looking up modal.Sandbox app
Creating sandbox
Building docker image
--------------------------------
Running Docker image
 ________
< Hello! >
 --------
    \
     \
      \
                    ##         .
              ## ## ##        ==
           ## ## ## ## ##    ===
       /"""""""""""""""""\___/ ===
      {                       /  ===-
       \______ O           __/
         \    \         __/
          \____\_______/


Creating snapshot
Traceback (most recent call last):
  File "/Users/smehmood/src/experimental/modal_docker_snapshotting/modal_docker_example_snapshot.py", line 152, in <module>
    main()
  File "/Users/smehmood/src/experimental/modal_docker_snapshotting/modal_docker_example_snapshot.py", line 144, in main
    image = sb.snapshot_filesystem()
            ^^^^^^^^^^^^^^^^^^^^^^^^
  File "/Users/smehmood/src/experimental/modal_docker_snapshotting/.venv/lib/python3.11/site-packages/modal/sandbox.py", line 542, in snapshot_filesystem
    raise ExecutionError(resp.result.exception)
modal.exception.ExecutionError: Failed to create image
